# JRE version: OpenJDK Runtime Environment (11.0.4+11) (build 11.0.4+11-post-Ubuntu-1ubuntu219.04)
# Java VM: OpenJDK 64-Bit Server VM (11.0.4+11-post-Ubuntu-1ubuntu219.04, mixed mode, sharing, tiered, compressed oops, g1 gc, linux-amd64)
Heap:
 garbage-first heap   total 732160K, used 243320K [0x00000000c2c00000, 0x0000000100000000)
  region size 1024K, 24 young (24576K), 24 survivors (24576K)
 Metaspace       used 46193K, capacity 47692K, committed 48000K, reserved 1091584K
  class space    used 5835K, capacity 6453K, committed 6528K, reserved 1048576K
GC Heap History (10 events):
Event: 51.479 GC heap after
{Heap after GC invocations=42 (full 0):
 garbage-first heap   total 299008K, used 124536K [0x00000000c2c00000, 0x0000000100000000)
  region size 1024K, 12 young (12288K), 12 survivors (12288K)
 Metaspace       used 44094K, capacity 45590K, committed 45952K, reserved 1089536K
  class space    used 5646K, capacity 6244K, committed 6272K, reserved 1048576K
}
Event: 51.728 GC heap before
{Heap before GC invocations=42 (full 0):
 garbage-first heap   total 299008K, used 206456K [0x00000000c2c00000, 0x0000000100000000)
  region size 1024K, 90 young (92160K), 12 survivors (12288K)
 Metaspace       used 44094K, capacity 45590K, committed 45952K, reserved 1089536K
  class space    used 5646K, capacity 6244K, committed 6272K, reserved 1048576K
}
Event: 51.757 GC heap after
{Heap after GC invocations=43 (full 0):
 garbage-first heap   total 581632K, used 136824K [0x00000000c2c00000, 0x0000000100000000)
  region size 1024K, 11 young (11264K), 11 survivors (11264K)
 Metaspace       used 44094K, capacity 45590K, committed 45952K, reserved 1089536K
  class space    used 5646K, capacity 6244K, committed 6272K, reserved 1048576K
}
Event: 52.584 GC heap before
{Heap before GC invocations=43 (full 0):
 garbage-first heap   total 581632K, used 304760K [0x00000000c2c00000, 0x0000000100000000)
  region size 1024K, 175 young (179200K), 11 survivors (11264K)
 Metaspace       used 44094K, capacity 45590K, committed 45952K, reserved 1089536K
  class space    used 5646K, capacity 6244K, committed 6272K, reserved 1048576K
}
Event: 52.725 GC heap after
{Heap after GC invocations=44 (full 0):
 garbage-first heap   total 581632K, used 159352K [0x00000000c2c00000, 0x0000000100000000)
  region size 1024K, 22 young (22528K), 22 survivors (22528K)
 Metaspace       used 44094K, capacity 45590K, committed 45952K, reserved 1089536K
  class space    used 5646K, capacity 6244K, committed 6272K, reserved 1048576K
}
Event: 53.364 GC heap before
{Heap before GC invocations=44 (full 0):
 garbage-first heap   total 581632K, used 343672K [0x00000000c2c00000, 0x0000000100000000)
  region size 1024K, 198 young (202752K), 22 survivors (22528K)
 Metaspace       used 44094K, capacity 45590K, committed 45952K, reserved 1089536K
  class space    used 5646K, capacity 6244K, committed 6272K, reserved 1048576K
}
Event: 53.461 GC heap after
{Heap after GC invocations=45 (full 0):
 garbage-first heap   total 581632K, used 189048K [0x00000000c2c00000, 0x0000000100000000)
  region size 1024K, 25 young (25600K), 25 survivors (25600K)
 Metaspace       used 44094K, capacity 45590K, committed 45952K, reserved 1089536K
  class space    used 5646K, capacity 6244K, committed 6272K, reserved 1048576K
}
Event: 54.027 GC heap before
{Heap before GC invocations=45 (full 0):
 garbage-first heap   total 581632K, used 381560K [0x00000000c2c00000, 0x0000000100000000)
  region size 1024K, 213 young (218112K), 25 survivors (25600K)
 Metaspace       used 44094K, capacity 45590K, committed 45952K, reserved 1089536K
  class space    used 5646K, capacity 6244K, committed 6272K, reserved 1048576K
}
Event: 54.148 GC heap after
{Heap after GC invocations=46 (full 0):
 garbage-first heap   total 581632K, used 214648K [0x00000000c2c00000, 0x0000000100000000)
  region size 1024K, 26 young (26624K), 26 survivors (26624K)
 Metaspace       used 44094K, capacity 45590K, committed 45952K, reserved 1089536K
  class space    used 5646K, capacity 6244K, committed 6272K, reserved 1048576K
}
Event: 55.921 GC heap before
{Heap before GC invocations=46 (full 0):
 garbage-first heap   total 581632K, used 433784K [0x00000000c2c00000, 0x0000000100000000)
  region size 1024K, 232 young (237568K), 26 survivors (26624K)
 Metaspace       used 46193K, capacity 47692K, committed 48000K, reserved 1091584K
  class space    used 5835K, capacity 6453K, committed 6528K, reserved 1048576K
}

